<?xml version="1.0" encoding="UTF-8"?>
<testng-results ignored="0" total="2" passed="2" failed="0" skipped="0">
  <reporter-output>
  </reporter-output>
  <suite started-at="2025-08-20T12:14:52 IST" name="Default suite" finished-at="2025-08-20T12:15:05 IST" duration-ms="12568">
    <groups>
    </groups>
    <test started-at="2025-08-20T12:14:52 IST" name="Default test" finished-at="2025-08-20T12:15:05 IST" duration-ms="12568">
      <class name="ParallelTest">
        <test-method signature="testChrome()[pri:1, instance:ParallelTest@2b91004a]" started-at="2025-08-20T12:14:52 IST" name="testChrome" finished-at="2025-08-20T12:14:56 IST" duration-ms="3737" status="PASS">
          <reporter-output>
          </reporter-output>
        </test-method> <!-- testChrome -->
        <test-method signature="testfirefox()[pri:2, instance:ParallelTest@2b91004a]" started-at="2025-08-20T12:14:56 IST" name="testfirefox" finished-at="2025-08-20T12:15:05 IST" duration-ms="8746" status="PASS">
          <reporter-output>
          </reporter-output>
        </test-method> <!-- testfirefox -->
      </class> <!-- ParallelTest -->
    </test> <!-- Default test -->
  </suite> <!-- Default suite -->
</testng-results>
